
Testing lianduantraining/springbootdemo:v8...

✗ Low severity vulnerability found in xz-utils/liblzma5
  Description: CVE-2022-1271
  Info: https://snyk.io/vuln/SNYK-DEBIAN10-XZUTILS-2444279
  Introduced through: meta-common-packages@meta
  From: meta-common-packages@meta > xz-utils/liblzma5@5.2.4-1
  Image layer: Introduced by your base image (openjdk:8-jre-slim)
  Fixed in: 5.2.4-1+deb10u1

✗ Low severity vulnerability found in util-linux/libuuid1
  Description: Integer Overflow or Wraparound
  Info: https://snyk.io/vuln/SNYK-DEBIAN10-UTILLINUX-1534833
  Introduced through: util-linux/libuuid1@2.33.1-0.1, e2fsprogs@1.44.5-1+deb10u3, util-linux/mount@2.33.1-0.1, util-linux/fdisk@2.33.1-0.1, util-linux/libblkid1@2.33.1-0.1, util-linux@2.33.1-0.1, sysvinit/sysvinit-utils@2.93-8, util-linux/bsdutils@1:2.33.1-0.1, util-linux/libfdisk1@2.33.1-0.1, util-linux/libmount1@2.33.1-0.1, util-linux/libsmartcols1@2.33.1-0.1
  From: util-linux/libuuid1@2.33.1-0.1
  From: e2fsprogs@1.44.5-1+deb10u3 > util-linux/libuuid1@2.33.1-0.1
  From: e2fsprogs@1.44.5-1+deb10u3 > util-linux/libblkid1@2.33.1-0.1 > util-linux/libuuid1@2.33.1-0.1
  and 25 more...
  Image layer: Introduced by your base image (openjdk:8-jre-slim)

✗ Low severity vulnerability found in util-linux/libuuid1
  Description: Information Exposure
  Info: https://snyk.io/vuln/SNYK-DEBIAN10-UTILLINUX-2401082
  Introduced through: util-linux/libuuid1@2.33.1-0.1, e2fsprogs@1.44.5-1+deb10u3, util-linux/mount@2.33.1-0.1, util-linux/fdisk@2.33.1-0.1, util-linux/libblkid1@2.33.1-0.1, util-linux@2.33.1-0.1, sysvinit/sysvinit-utils@2.93-8, util-linux/bsdutils@1:2.33.1-0.1, util-linux/libfdisk1@2.33.1-0.1, util-linux/libmount1@2.33.1-0.1, util-linux/libsmartcols1@2.33.1-0.1
  From: util-linux/libuuid1@2.33.1-0.1
  From: e2fsprogs@1.44.5-1+deb10u3 > util-linux/libuuid1@2.33.1-0.1
  From: e2fsprogs@1.44.5-1+deb10u3 > util-linux/libblkid1@2.33.1-0.1 > util-linux/libuuid1@2.33.1-0.1
  and 25 more...
  Image layer: Introduced by your base image (openjdk:8-jre-slim)

✗ Low severity vulnerability found in tar
  Description: Out-of-bounds Read
  Info: https://snyk.io/vuln/SNYK-DEBIAN10-TAR-1063001
  Introduced through: meta-common-packages@meta
  From: meta-common-packages@meta > tar@1.30+dfsg-6
  Image layer: Introduced by your base image (openjdk:8-jre-slim)

✗ Low severity vulnerability found in tar
  Description: CVE-2005-2541
  Info: https://snyk.io/vuln/SNYK-DEBIAN10-TAR-312331
  Introduced through: meta-common-packages@meta
  From: meta-common-packages@meta > tar@1.30+dfsg-6
  Image layer: Introduced by your base image (openjdk:8-jre-slim)

✗ Low severity vulnerability found in tar
  Description: NULL Pointer Dereference
  Info: https://snyk.io/vuln/SNYK-DEBIAN10-TAR-341203
  Introduced through: meta-common-packages@meta
  From: meta-common-packages@meta > tar@1.30+dfsg-6
  Image layer: Introduced by your base image (openjdk:8-jre-slim)

✗ Low severity vulnerability found in systemd/libsystemd0
  Description: Authentication Bypass
  Info: https://snyk.io/vuln/SNYK-DEBIAN10-SYSTEMD-1291056
  Introduced through: systemd/libsystemd0@241-7~deb10u4, util-linux/bsdutils@1:2.33.1-0.1, apt@1.8.2.1, util-linux/mount@2.33.1-0.1, systemd/libudev1@241-7~deb10u4
  From: systemd/libsystemd0@241-7~deb10u4
  From: util-linux/bsdutils@1:2.33.1-0.1 > systemd/libsystemd0@241-7~deb10u4
  From: apt@1.8.2.1 > apt/libapt-pkg5.0@1.8.2.1 > systemd/libsystemd0@241-7~deb10u4
  and 4 more...
  Image layer: Introduced by your base image (openjdk:8-jre-slim)

✗ Low severity vulnerability found in systemd/libsystemd0
  Description: CVE-2021-3997
  Info: https://snyk.io/vuln/SNYK-DEBIAN10-SYSTEMD-2332026
  Introduced through: systemd/libsystemd0@241-7~deb10u4, util-linux/bsdutils@1:2.33.1-0.1, apt@1.8.2.1, util-linux/mount@2.33.1-0.1, systemd/libudev1@241-7~deb10u4
  From: systemd/libsystemd0@241-7~deb10u4
  From: util-linux/bsdutils@1:2.33.1-0.1 > systemd/libsystemd0@241-7~deb10u4
  From: apt@1.8.2.1 > apt/libapt-pkg5.0@1.8.2.1 > systemd/libsystemd0@241-7~deb10u4
  and 4 more...
  Image layer: Introduced by your base image (openjdk:8-jre-slim)

✗ Low severity vulnerability found in systemd/libsystemd0
  Description: Link Following
  Info: https://snyk.io/vuln/SNYK-DEBIAN10-SYSTEMD-305144
  Introduced through: systemd/libsystemd0@241-7~deb10u4, util-linux/bsdutils@1:2.33.1-0.1, apt@1.8.2.1, util-linux/mount@2.33.1-0.1, systemd/libudev1@241-7~deb10u4
  From: systemd/libsystemd0@241-7~deb10u4
  From: util-linux/bsdutils@1:2.33.1-0.1 > systemd/libsystemd0@241-7~deb10u4
  From: apt@1.8.2.1 > apt/libapt-pkg5.0@1.8.2.1 > systemd/libsystemd0@241-7~deb10u4
  and 4 more...
  Image layer: Introduced by your base image (openjdk:8-jre-slim)

✗ Low severity vulnerability found in systemd/libsystemd0
  Description: Privilege Chaining
  Info: https://snyk.io/vuln/SNYK-DEBIAN10-SYSTEMD-345386
  Introduced through: systemd/libsystemd0@241-7~deb10u4, util-linux/bsdutils@1:2.33.1-0.1, apt@1.8.2.1, util-linux/mount@2.33.1-0.1, systemd/libudev1@241-7~deb10u4
  From: systemd/libsystemd0@241-7~deb10u4
  From: util-linux/bsdutils@1:2.33.1-0.1 > systemd/libsystemd0@241-7~deb10u4
  From: apt@1.8.2.1 > apt/libapt-pkg5.0@1.8.2.1 > systemd/libsystemd0@241-7~deb10u4
  and 4 more...
  Image layer: Introduced by your base image (openjdk:8-jre-slim)

✗ Low severity vulnerability found in systemd/libsystemd0
  Description: Improper Privilege Management
  Info: https://snyk.io/vuln/SNYK-DEBIAN10-SYSTEMD-345391
  Introduced through: systemd/libsystemd0@241-7~deb10u4, util-linux/bsdutils@1:2.33.1-0.1, apt@1.8.2.1, util-linux/mount@2.33.1-0.1, systemd/libudev1@241-7~deb10u4
  From: systemd/libsystemd0@241-7~deb10u4
  From: util-linux/bsdutils@1:2.33.1-0.1 > systemd/libsystemd0@241-7~deb10u4
  From: apt@1.8.2.1 > apt/libapt-pkg5.0@1.8.2.1 > systemd/libsystemd0@241-7~deb10u4
  and 4 more...
  Image layer: Introduced by your base image (openjdk:8-jre-slim)

✗ Low severity vulnerability found in systemd/libsystemd0
  Description: Memory Leak
  Info: https://snyk.io/vuln/SNYK-DEBIAN10-SYSTEMD-542807
  Introduced through: systemd/libsystemd0@241-7~deb10u4, util-linux/bsdutils@1:2.33.1-0.1, apt@1.8.2.1, util-linux/mount@2.33.1-0.1, systemd/libudev1@241-7~deb10u4
  From: systemd/libsystemd0@241-7~deb10u4
  From: util-linux/bsdutils@1:2.33.1-0.1 > systemd/libsystemd0@241-7~deb10u4
  From: apt@1.8.2.1 > apt/libapt-pkg5.0@1.8.2.1 > systemd/libsystemd0@241-7~deb10u4
  and 4 more...
  Image layer: Introduced by your base image (openjdk:8-jre-slim)

✗ Low severity vulnerability found in systemd/libsystemd0
  Description: Improper Privilege Management
  Info: https://snyk.io/vuln/SNYK-DEBIAN10-SYSTEMD-570991
  Introduced through: systemd/libsystemd0@241-7~deb10u4, util-linux/bsdutils@1:2.33.1-0.1, apt@1.8.2.1, util-linux/mount@2.33.1-0.1, systemd/libudev1@241-7~deb10u4
  From: systemd/libsystemd0@241-7~deb10u4
  From: util-linux/bsdutils@1:2.33.1-0.1 > systemd/libsystemd0@241-7~deb10u4
  From: apt@1.8.2.1 > apt/libapt-pkg5.0@1.8.2.1 > systemd/libsystemd0@241-7~deb10u4
  and 4 more...
  Image layer: Introduced by your base image (openjdk:8-jre-slim)

✗ Low severity vulnerability found in shadow/passwd
  Description: Time-of-check Time-of-use (TOCTOU)
  Info: https://snyk.io/vuln/SNYK-DEBIAN10-SHADOW-306205
  Introduced through: shadow/passwd@1:4.5-1.1, adduser@3.118, shadow/login@1:4.5-1.1, util-linux/mount@2.33.1-0.1
  From: shadow/passwd@1:4.5-1.1
  From: adduser@3.118 > shadow/passwd@1:4.5-1.1
  From: shadow/login@1:4.5-1.1
  and 1 more...
  Image layer: Introduced by your base image (openjdk:8-jre-slim)

✗ Low severity vulnerability found in shadow/passwd
  Description: Incorrect Permission Assignment for Critical Resource
  Info: https://snyk.io/vuln/SNYK-DEBIAN10-SHADOW-306230
  Introduced through: shadow/passwd@1:4.5-1.1, adduser@3.118, shadow/login@1:4.5-1.1, util-linux/mount@2.33.1-0.1
  From: shadow/passwd@1:4.5-1.1
  From: adduser@3.118 > shadow/passwd@1:4.5-1.1
  From: shadow/login@1:4.5-1.1
  and 1 more...
  Image layer: Introduced by your base image (openjdk:8-jre-slim)

✗ Low severity vulnerability found in shadow/passwd
  Description: Access Restriction Bypass
  Info: https://snyk.io/vuln/SNYK-DEBIAN10-SHADOW-306250
  Introduced through: shadow/passwd@1:4.5-1.1, adduser@3.118, shadow/login@1:4.5-1.1, util-linux/mount@2.33.1-0.1
  From: shadow/passwd@1:4.5-1.1
  From: adduser@3.118 > shadow/passwd@1:4.5-1.1
  From: shadow/login@1:4.5-1.1
  and 1 more...
  Image layer: Introduced by your base image (openjdk:8-jre-slim)

✗ Low severity vulnerability found in shadow/passwd
  Description: Incorrect Permission Assignment for Critical Resource
  Info: https://snyk.io/vuln/SNYK-DEBIAN10-SHADOW-539852
  Introduced through: shadow/passwd@1:4.5-1.1, adduser@3.118, shadow/login@1:4.5-1.1, util-linux/mount@2.33.1-0.1
  From: shadow/passwd@1:4.5-1.1
  From: adduser@3.118 > shadow/passwd@1:4.5-1.1
  From: shadow/login@1:4.5-1.1
  and 1 more...
  Image layer: Introduced by your base image (openjdk:8-jre-slim)

✗ Low severity vulnerability found in perl/perl-base
  Description: Improper Verification of Cryptographic Signature
  Info: https://snyk.io/vuln/SNYK-DEBIAN10-PERL-1925980
  Introduced through: meta-common-packages@meta
  From: meta-common-packages@meta > perl/perl-base@5.28.1-6+deb10u1
  Image layer: Introduced by your base image (openjdk:8-jre-slim)

✗ Low severity vulnerability found in perl/perl-base
  Description: Link Following
  Info: https://snyk.io/vuln/SNYK-DEBIAN10-PERL-327793
  Introduced through: meta-common-packages@meta
  From: meta-common-packages@meta > perl/perl-base@5.28.1-6+deb10u1
  Image layer: Introduced by your base image (openjdk:8-jre-slim)

✗ Low severity vulnerability found in pcre3/libpcre3
  Description: Out-of-Bounds
  Info: https://snyk.io/vuln/SNYK-DEBIAN10-PCRE3-345321
  Introduced through: meta-common-packages@meta
  From: meta-common-packages@meta > pcre3/libpcre3@2:8.39-12
  Image layer: Introduced by your base image (openjdk:8-jre-slim)

✗ Low severity vulnerability found in pcre3/libpcre3
  Description: Out-of-Bounds
  Info: https://snyk.io/vuln/SNYK-DEBIAN10-PCRE3-345353
  Introduced through: meta-common-packages@meta
  From: meta-common-packages@meta > pcre3/libpcre3@2:8.39-12
  Image layer: Introduced by your base image (openjdk:8-jre-slim)

✗ Low severity vulnerability found in pcre3/libpcre3
  Description: Uncontrolled Recursion
  Info: https://snyk.io/vuln/SNYK-DEBIAN10-PCRE3-345502
  Introduced through: meta-common-packages@meta
  From: meta-common-packages@meta > pcre3/libpcre3@2:8.39-12
  Image layer: Introduced by your base image (openjdk:8-jre-slim)

✗ Low severity vulnerability found in pcre3/libpcre3
  Description: Out-of-Bounds
  Info: https://snyk.io/vuln/SNYK-DEBIAN10-PCRE3-345530
  Introduced through: meta-common-packages@meta
  From: meta-common-packages@meta > pcre3/libpcre3@2:8.39-12
  Image layer: Introduced by your base image (openjdk:8-jre-slim)

✗ Low severity vulnerability found in pcre3/libpcre3
  Description: Integer Overflow or Wraparound
  Info: https://snyk.io/vuln/SNYK-DEBIAN10-PCRE3-572367
  Introduced through: meta-common-packages@meta
  From: meta-common-packages@meta > pcre3/libpcre3@2:8.39-12
  Image layer: Introduced by your base image (openjdk:8-jre-slim)

✗ Low severity vulnerability found in pcre3/libpcre3
  Description: Out-of-bounds Read
  Info: https://snyk.io/vuln/SNYK-DEBIAN10-PCRE3-572368
  Introduced through: meta-common-packages@meta
  From: meta-common-packages@meta > pcre3/libpcre3@2:8.39-12
  Image layer: Introduced by your base image (openjdk:8-jre-slim)

✗ Low severity vulnerability found in openssl/libssl1.1
  Description: Cryptographic Issues
  Info: https://snyk.io/vuln/SNYK-DEBIAN10-OPENSSL-374709
  Introduced through: ca-certificates@20200601~deb10u1
  From: ca-certificates@20200601~deb10u1 > openssl@1.1.1d-0+deb10u3 > openssl/libssl1.1@1.1.1d-0+deb10u3
  From: ca-certificates@20200601~deb10u1 > openssl@1.1.1d-0+deb10u3
  Image layer: Introduced by your base image (openjdk:8-jre-slim)

✗ Low severity vulnerability found in openssl/libssl1.1
  Description: Cryptographic Issues
  Info: https://snyk.io/vuln/SNYK-DEBIAN10-OPENSSL-374996
  Introduced through: ca-certificates@20200601~deb10u1
  From: ca-certificates@20200601~deb10u1 > openssl@1.1.1d-0+deb10u3 > openssl/libssl1.1@1.1.1d-0+deb10u3
  From: ca-certificates@20200601~deb10u1 > openssl@1.1.1d-0+deb10u3
  Image layer: Introduced by your base image (openjdk:8-jre-slim)

✗ Low severity vulnerability found in ncurses/libtinfo6
  Description: Out-of-bounds Write
  Info: https://snyk.io/vuln/SNYK-DEBIAN10-NCURSES-1655739
  Introduced through: ncurses/libtinfo6@6.1+20181013-2+deb10u2, bash@5.0-4, ncurses/ncurses-bin@6.1+20181013-2+deb10u2, util-linux/fdisk@2.33.1-0.1, util-linux/mount@2.33.1-0.1, ncurses/libncursesw6@6.1+20181013-2+deb10u2, ncurses/ncurses-base@6.1+20181013-2+deb10u2
  From: ncurses/libtinfo6@6.1+20181013-2+deb10u2
  From: bash@5.0-4 > ncurses/libtinfo6@6.1+20181013-2+deb10u2
  From: ncurses/ncurses-bin@6.1+20181013-2+deb10u2 > ncurses/libtinfo6@6.1+20181013-2+deb10u2
  and 7 more...
  Image layer: Introduced by your base image (openjdk:8-jre-slim)

✗ Low severity vulnerability found in ncurses/libtinfo6
  Description: Out-of-bounds Read
  Info: https://snyk.io/vuln/SNYK-DEBIAN10-NCURSES-2767192
  Introduced through: ncurses/libtinfo6@6.1+20181013-2+deb10u2, bash@5.0-4, ncurses/ncurses-bin@6.1+20181013-2+deb10u2, util-linux/fdisk@2.33.1-0.1, util-linux/mount@2.33.1-0.1, ncurses/libncursesw6@6.1+20181013-2+deb10u2, ncurses/ncurses-base@6.1+20181013-2+deb10u2
  From: ncurses/libtinfo6@6.1+20181013-2+deb10u2
  From: bash@5.0-4 > ncurses/libtinfo6@6.1+20181013-2+deb10u2
  From: ncurses/ncurses-bin@6.1+20181013-2+deb10u2 > ncurses/libtinfo6@6.1+20181013-2+deb10u2
  and 7 more...
  Image layer: Introduced by your base image (openjdk:8-jre-slim)

✗ Low severity vulnerability found in lz4/liblz4-1
  Description: Out-of-bounds Write
  Info: https://snyk.io/vuln/SNYK-DEBIAN10-LZ4-473072
  Introduced through: lz4/liblz4-1@1.8.3-1, apt@1.8.2.1
  From: lz4/liblz4-1@1.8.3-1
  From: apt@1.8.2.1 > apt/libapt-pkg5.0@1.8.2.1 > lz4/liblz4-1@1.8.3-1
  From: apt@1.8.2.1 > apt/libapt-pkg5.0@1.8.2.1 > systemd/libsystemd0@241-7~deb10u4 > lz4/liblz4-1@1.8.3-1
  Image layer: Introduced by your base image (openjdk:8-jre-slim)

✗ Low severity vulnerability found in libtasn1-6
  Description: CVE-2018-1000654
  Info: https://snyk.io/vuln/SNYK-DEBIAN10-LIBTASN16-339585
  Introduced through: p11-kit@0.23.15-2, apt@1.8.2.1
  From: p11-kit@0.23.15-2 > libtasn1-6@4.13-3
  From: apt@1.8.2.1 > gnutls28/libgnutls30@3.6.7-4+deb10u5 > libtasn1-6@4.13-3
  From: p11-kit@0.23.15-2 > p11-kit/p11-kit-modules@0.23.15-2 > libtasn1-6@4.13-3
  Image layer: Introduced by your base image (openjdk:8-jre-slim)

✗ Low severity vulnerability found in libsepol/libsepol1
  Description: Use After Free
  Info: https://snyk.io/vuln/SNYK-DEBIAN10-LIBSEPOL-1315628
  Introduced through: libsepol/libsepol1@2.8-1, adduser@3.118
  From: libsepol/libsepol1@2.8-1
  From: adduser@3.118 > shadow/passwd@1:4.5-1.1 > libsemanage/libsemanage1@2.8-2 > libsepol/libsepol1@2.8-1
  Image layer: Introduced by your base image (openjdk:8-jre-slim)

✗ Low severity vulnerability found in libsepol/libsepol1
  Description: Out-of-bounds Read
  Info: https://snyk.io/vuln/SNYK-DEBIAN10-LIBSEPOL-1315630
  Introduced through: libsepol/libsepol1@2.8-1, adduser@3.118
  From: libsepol/libsepol1@2.8-1
  From: adduser@3.118 > shadow/passwd@1:4.5-1.1 > libsemanage/libsemanage1@2.8-2 > libsepol/libsepol1@2.8-1
  Image layer: Introduced by your base image (openjdk:8-jre-slim)

✗ Low severity vulnerability found in libsepol/libsepol1
  Description: Use After Free
  Info: https://snyk.io/vuln/SNYK-DEBIAN10-LIBSEPOL-1315636
  Introduced through: libsepol/libsepol1@2.8-1, adduser@3.118
  From: libsepol/libsepol1@2.8-1
  From: adduser@3.118 > shadow/passwd@1:4.5-1.1 > libsemanage/libsemanage1@2.8-2 > libsepol/libsepol1@2.8-1
  Image layer: Introduced by your base image (openjdk:8-jre-slim)

✗ Low severity vulnerability found in libsepol/libsepol1
  Description: Use After Free
  Info: https://snyk.io/vuln/SNYK-DEBIAN10-LIBSEPOL-1315642
  Introduced through: libsepol/libsepol1@2.8-1, adduser@3.118
  From: libsepol/libsepol1@2.8-1
  From: adduser@3.118 > shadow/passwd@1:4.5-1.1 > libsemanage/libsemanage1@2.8-2 > libsepol/libsepol1@2.8-1
  Image layer: Introduced by your base image (openjdk:8-jre-slim)

✗ Low severity vulnerability found in libseccomp/libseccomp2
  Description: CVE-2019-9893
  Info: https://snyk.io/vuln/SNYK-DEBIAN10-LIBSECCOMP-341044
  Introduced through: libseccomp/libseccomp2@2.3.3-4, apt@1.8.2.1
  From: libseccomp/libseccomp2@2.3.3-4
  From: apt@1.8.2.1 > libseccomp/libseccomp2@2.3.3-4
  Image layer: Introduced by your base image (openjdk:8-jre-slim)

✗ Low severity vulnerability found in libidn2/libidn2-0
  Description: Improper Input Validation
  Info: https://snyk.io/vuln/SNYK-DEBIAN10-LIBIDN2-474100
  Introduced through: libidn2/libidn2-0@2.0.5-1+deb10u1, apt@1.8.2.1
  From: libidn2/libidn2-0@2.0.5-1+deb10u1
  From: apt@1.8.2.1 > gnutls28/libgnutls30@3.6.7-4+deb10u5 > libidn2/libidn2-0@2.0.5-1+deb10u1
  Image layer: Introduced by your base image (openjdk:8-jre-slim)

✗ Low severity vulnerability found in libgcrypt20
  Description: Information Exposure
  Info: https://snyk.io/vuln/SNYK-DEBIAN10-LIBGCRYPT20-1297893
  Introduced through: libgcrypt20@1.8.4-5, apt@1.8.2.1
  From: libgcrypt20@1.8.4-5
  From: apt@1.8.2.1 > gnupg2/gpgv@2.2.12-1+deb10u1 > libgcrypt20@1.8.4-5
  From: apt@1.8.2.1 > apt/libapt-pkg5.0@1.8.2.1 > systemd/libsystemd0@241-7~deb10u4 > libgcrypt20@1.8.4-5
  Image layer: Introduced by your base image (openjdk:8-jre-slim)

✗ Low severity vulnerability found in libgcrypt20
  Description: Use of a Broken or Risky Cryptographic Algorithm
  Info: https://snyk.io/vuln/SNYK-DEBIAN10-LIBGCRYPT20-391902
  Introduced through: libgcrypt20@1.8.4-5, apt@1.8.2.1
  From: libgcrypt20@1.8.4-5
  From: apt@1.8.2.1 > gnupg2/gpgv@2.2.12-1+deb10u1 > libgcrypt20@1.8.4-5
  From: apt@1.8.2.1 > apt/libapt-pkg5.0@1.8.2.1 > systemd/libsystemd0@241-7~deb10u4 > libgcrypt20@1.8.4-5
  Image layer: Introduced by your base image (openjdk:8-jre-slim)

✗ Low severity vulnerability found in libgcrypt20
  Description: Information Exposure
  Info: https://snyk.io/vuln/SNYK-DEBIAN10-LIBGCRYPT20-460489
  Introduced through: libgcrypt20@1.8.4-5, apt@1.8.2.1
  From: libgcrypt20@1.8.4-5
  From: apt@1.8.2.1 > gnupg2/gpgv@2.2.12-1+deb10u1 > libgcrypt20@1.8.4-5
  From: apt@1.8.2.1 > apt/libapt-pkg5.0@1.8.2.1 > systemd/libsystemd0@241-7~deb10u4 > libgcrypt20@1.8.4-5
  Image layer: Introduced by your base image (openjdk:8-jre-slim)

✗ Low severity vulnerability found in gzip
  Description: CVE-2022-1271
  Info: https://snyk.io/vuln/SNYK-DEBIAN10-GZIP-2444259
  Introduced through: gzip@1.9-3
  From: gzip@1.9-3
  Image layer: Introduced by your base image (openjdk:8-jre-slim)
  Fixed in: 1.9-3+deb10u1

✗ Low severity vulnerability found in gnutls28/libgnutls30
  Description: CVE-2021-4209
  Info: https://snyk.io/vuln/SNYK-DEBIAN10-GNUTLS28-2419146
  Introduced through: gnutls28/libgnutls30@3.6.7-4+deb10u5, apt@1.8.2.1
  From: gnutls28/libgnutls30@3.6.7-4+deb10u5
  From: apt@1.8.2.1 > gnutls28/libgnutls30@3.6.7-4+deb10u5
  Image layer: Introduced by your base image (openjdk:8-jre-slim)

✗ Low severity vulnerability found in gnutls28/libgnutls30
  Description: Improper Input Validation
  Info: https://snyk.io/vuln/SNYK-DEBIAN10-GNUTLS28-340755
  Introduced through: gnutls28/libgnutls30@3.6.7-4+deb10u5, apt@1.8.2.1
  From: gnutls28/libgnutls30@3.6.7-4+deb10u5
  From: apt@1.8.2.1 > gnutls28/libgnutls30@3.6.7-4+deb10u5
  Image layer: Introduced by your base image (openjdk:8-jre-slim)

✗ Low severity vulnerability found in gnupg2/gpgv
  Description: Inadequate Encryption Strength
  Info: https://snyk.io/vuln/SNYK-DEBIAN10-GNUPG2-535553
  Introduced through: gnupg2/gpgv@2.2.12-1+deb10u1, apt@1.8.2.1
  From: gnupg2/gpgv@2.2.12-1+deb10u1
  From: apt@1.8.2.1 > gnupg2/gpgv@2.2.12-1+deb10u1
  Image layer: Introduced by your base image (openjdk:8-jre-slim)

✗ Low severity vulnerability found in glibc/libc-bin
  Description: Loop with Unreachable Exit Condition ('Infinite Loop')
  Info: https://snyk.io/vuln/SNYK-DEBIAN10-GLIBC-1035462
  Introduced through: glibc/libc-bin@2.28-10, meta-common-packages@meta
  From: glibc/libc-bin@2.28-10
  From: meta-common-packages@meta > glibc/libc6@2.28-10
  Image layer: Introduced by your base image (openjdk:8-jre-slim)

✗ Low severity vulnerability found in glibc/libc-bin
  Description: Out-of-bounds Read
  Info: https://snyk.io/vuln/SNYK-DEBIAN10-GLIBC-1055403
  Introduced through: glibc/libc-bin@2.28-10, meta-common-packages@meta
  From: glibc/libc-bin@2.28-10
  From: meta-common-packages@meta > glibc/libc6@2.28-10
  Image layer: Introduced by your base image (openjdk:8-jre-slim)

✗ Low severity vulnerability found in glibc/libc-bin
  Description: Reachable Assertion
  Info: https://snyk.io/vuln/SNYK-DEBIAN10-GLIBC-1065768
  Introduced through: glibc/libc-bin@2.28-10, meta-common-packages@meta
  From: glibc/libc-bin@2.28-10
  From: meta-common-packages@meta > glibc/libc6@2.28-10
  Image layer: Introduced by your base image (openjdk:8-jre-slim)

✗ Low severity vulnerability found in glibc/libc-bin
  Description: Double Free
  Info: https://snyk.io/vuln/SNYK-DEBIAN10-GLIBC-1078993
  Introduced through: glibc/libc-bin@2.28-10, meta-common-packages@meta
  From: glibc/libc-bin@2.28-10
  From: meta-common-packages@meta > glibc/libc6@2.28-10
  Image layer: Introduced by your base image (openjdk:8-jre-slim)

✗ Low severity vulnerability found in glibc/libc-bin
  Description: Use After Free
  Info: https://snyk.io/vuln/SNYK-DEBIAN10-GLIBC-1296899
  Introduced through: glibc/libc-bin@2.28-10, meta-common-packages@meta
  From: glibc/libc-bin@2.28-10
  From: meta-common-packages@meta > glibc/libc6@2.28-10
  Image layer: Introduced by your base image (openjdk:8-jre-slim)

✗ Low severity vulnerability found in glibc/libc-bin
  Description: Integer Overflow or Wraparound
  Info: https://snyk.io/vuln/SNYK-DEBIAN10-GLIBC-1315333
  Introduced through: glibc/libc-bin@2.28-10, meta-common-packages@meta
  From: glibc/libc-bin@2.28-10
  From: meta-common-packages@meta > glibc/libc6@2.28-10
  Image layer: Introduced by your base image (openjdk:8-jre-slim)

✗ Low severity vulnerability found in glibc/libc-bin
  Description: Buffer Overflow
  Info: https://snyk.io/vuln/SNYK-DEBIAN10-GLIBC-2340915
  Introduced through: glibc/libc-bin@2.28-10, meta-common-packages@meta
  From: glibc/libc-bin@2.28-10
  From: meta-common-packages@meta > glibc/libc6@2.28-10
  Image layer: Introduced by your base image (openjdk:8-jre-slim)

✗ Low severity vulnerability found in glibc/libc-bin
  Description: CVE-2021-3999
  Info: https://snyk.io/vuln/SNYK-DEBIAN10-GLIBC-2340921
  Introduced through: glibc/libc-bin@2.28-10, meta-common-packages@meta
  From: glibc/libc-bin@2.28-10
  From: meta-common-packages@meta > glibc/libc6@2.28-10
  Image layer: Introduced by your base image (openjdk:8-jre-slim)

✗ Low severity vulnerability found in glibc/libc-bin
  Description: Buffer Overflow
  Info: https://snyk.io/vuln/SNYK-DEBIAN10-GLIBC-2340923
  Introduced through: glibc/libc-bin@2.28-10, meta-common-packages@meta
  From: glibc/libc-bin@2.28-10
  From: meta-common-packages@meta > glibc/libc6@2.28-10
  Image layer: Introduced by your base image (openjdk:8-jre-slim)

✗ Low severity vulnerability found in glibc/libc-bin
  Description: Uncontrolled Recursion
  Info: https://snyk.io/vuln/SNYK-DEBIAN10-GLIBC-338106
  Introduced through: glibc/libc-bin@2.28-10, meta-common-packages@meta
  From: glibc/libc-bin@2.28-10
  From: meta-common-packages@meta > glibc/libc6@2.28-10
  Image layer: Introduced by your base image (openjdk:8-jre-slim)

✗ Low severity vulnerability found in glibc/libc-bin
  Description: Uncontrolled Recursion
  Info: https://snyk.io/vuln/SNYK-DEBIAN10-GLIBC-338163
  Introduced through: glibc/libc-bin@2.28-10, meta-common-packages@meta
  From: glibc/libc-bin@2.28-10
  From: meta-common-packages@meta > glibc/libc6@2.28-10
  Image layer: Introduced by your base image (openjdk:8-jre-slim)

✗ Low severity vulnerability found in glibc/libc-bin
  Description: Improper Input Validation
  Info: https://snyk.io/vuln/SNYK-DEBIAN10-GLIBC-356371
  Introduced through: glibc/libc-bin@2.28-10, meta-common-packages@meta
  From: glibc/libc-bin@2.28-10
  From: meta-common-packages@meta > glibc/libc6@2.28-10
  Image layer: Introduced by your base image (openjdk:8-jre-slim)

✗ Low severity vulnerability found in glibc/libc-bin
  Description: Resource Management Errors
  Info: https://snyk.io/vuln/SNYK-DEBIAN10-GLIBC-356735
  Introduced through: glibc/libc-bin@2.28-10, meta-common-packages@meta
  From: glibc/libc-bin@2.28-10
  From: meta-common-packages@meta > glibc/libc6@2.28-10
  Image layer: Introduced by your base image (openjdk:8-jre-slim)

✗ Low severity vulnerability found in glibc/libc-bin
  Description: Out-of-Bounds
  Info: https://snyk.io/vuln/SNYK-DEBIAN10-GLIBC-452228
  Introduced through: glibc/libc-bin@2.28-10, meta-common-packages@meta
  From: glibc/libc-bin@2.28-10
  From: meta-common-packages@meta > glibc/libc6@2.28-10
  Image layer: Introduced by your base image (openjdk:8-jre-slim)

✗ Low severity vulnerability found in glibc/libc-bin
  Description: CVE-2019-1010023
  Info: https://snyk.io/vuln/SNYK-DEBIAN10-GLIBC-452267
  Introduced through: glibc/libc-bin@2.28-10, meta-common-packages@meta
  From: glibc/libc-bin@2.28-10
  From: meta-common-packages@meta > glibc/libc6@2.28-10
  Image layer: Introduced by your base image (openjdk:8-jre-slim)

✗ Low severity vulnerability found in glibc/libc-bin
  Description: Use of Insufficiently Random Values
  Info: https://snyk.io/vuln/SNYK-DEBIAN10-GLIBC-453375
  Introduced through: glibc/libc-bin@2.28-10, meta-common-packages@meta
  From: glibc/libc-bin@2.28-10
  From: meta-common-packages@meta > glibc/libc6@2.28-10
  Image layer: Introduced by your base image (openjdk:8-jre-slim)

✗ Low severity vulnerability found in glibc/libc-bin
  Description: Information Exposure
  Info: https://snyk.io/vuln/SNYK-DEBIAN10-GLIBC-453640
  Introduced through: glibc/libc-bin@2.28-10, meta-common-packages@meta
  From: glibc/libc-bin@2.28-10
  From: meta-common-packages@meta > glibc/libc6@2.28-10
  Image layer: Introduced by your base image (openjdk:8-jre-slim)

✗ Low severity vulnerability found in glibc/libc-bin
  Description: Improper Initialization
  Info: https://snyk.io/vuln/SNYK-DEBIAN10-GLIBC-534995
  Introduced through: glibc/libc-bin@2.28-10, meta-common-packages@meta
  From: glibc/libc-bin@2.28-10
  From: meta-common-packages@meta > glibc/libc6@2.28-10
  Image layer: Introduced by your base image (openjdk:8-jre-slim)

✗ Low severity vulnerability found in glibc/libc-bin
  Description: Out-of-bounds Write
  Info: https://snyk.io/vuln/SNYK-DEBIAN10-GLIBC-559181
  Introduced through: glibc/libc-bin@2.28-10, meta-common-packages@meta
  From: glibc/libc-bin@2.28-10
  From: meta-common-packages@meta > glibc/libc6@2.28-10
  Image layer: Introduced by your base image (openjdk:8-jre-slim)

✗ Low severity vulnerability found in glibc/libc-bin
  Description: Out-of-bounds Write
  Info: https://snyk.io/vuln/SNYK-DEBIAN10-GLIBC-559488
  Introduced through: glibc/libc-bin@2.28-10, meta-common-packages@meta
  From: glibc/libc-bin@2.28-10
  From: meta-common-packages@meta > glibc/libc6@2.28-10
  Image layer: Introduced by your base image (openjdk:8-jre-slim)

✗ Low severity vulnerability found in glibc/libc-bin
  Description: Use After Free
  Info: https://snyk.io/vuln/SNYK-DEBIAN10-GLIBC-559493
  Introduced through: glibc/libc-bin@2.28-10, meta-common-packages@meta
  From: glibc/libc-bin@2.28-10
  From: meta-common-packages@meta > glibc/libc6@2.28-10
  Image layer: Introduced by your base image (openjdk:8-jre-slim)

✗ Low severity vulnerability found in glibc/libc-bin
  Description: Integer Underflow
  Info: https://snyk.io/vuln/SNYK-DEBIAN10-GLIBC-564233
  Introduced through: glibc/libc-bin@2.28-10, meta-common-packages@meta
  From: glibc/libc-bin@2.28-10
  From: meta-common-packages@meta > glibc/libc6@2.28-10
  Image layer: Introduced by your base image (openjdk:8-jre-slim)

✗ Low severity vulnerability found in gcc-8/libstdc++6
  Description: Insufficient Entropy
  Info: https://snyk.io/vuln/SNYK-DEBIAN10-GCC8-469413
  Introduced through: gcc-8/libstdc++6@8.3.0-6, apt@1.8.2.1, meta-common-packages@meta
  From: gcc-8/libstdc++6@8.3.0-6
  From: apt@1.8.2.1 > gcc-8/libstdc++6@8.3.0-6
  From: apt@1.8.2.1 > apt/libapt-pkg5.0@1.8.2.1 > gcc-8/libstdc++6@8.3.0-6
  and 2 more...
  Image layer: Introduced by your base image (openjdk:8-jre-slim)

✗ Low severity vulnerability found in e2fsprogs/libcom-err2
  Description: Out-of-bounds Read
  Info: https://snyk.io/vuln/SNYK-DEBIAN10-E2FSPROGS-2628482
  Introduced through: e2fsprogs/libcom-err2@1.44.5-1+deb10u3, e2fsprogs@1.44.5-1+deb10u3, e2fsprogs/libext2fs2@1.44.5-1+deb10u3, e2fsprogs/libss2@1.44.5-1+deb10u3
  From: e2fsprogs/libcom-err2@1.44.5-1+deb10u3
  From: e2fsprogs@1.44.5-1+deb10u3 > e2fsprogs/libcom-err2@1.44.5-1+deb10u3
  From: e2fsprogs@1.44.5-1+deb10u3 > e2fsprogs/libss2@1.44.5-1+deb10u3 > e2fsprogs/libcom-err2@1.44.5-1+deb10u3
  and 5 more...
  Image layer: Introduced by your base image (openjdk:8-jre-slim)

✗ Low severity vulnerability found in db5.3/libdb5.3
  Description: Out-of-bounds Read
  Info: https://snyk.io/vuln/SNYK-DEBIAN10-DB53-2825169
  Introduced through: db5.3/libdb5.3@5.3.28+dfsg1-0.5, adduser@3.118
  From: db5.3/libdb5.3@5.3.28+dfsg1-0.5
  From: adduser@3.118 > shadow/passwd@1:4.5-1.1 > pam/libpam-modules@1.3.1-5 > db5.3/libdb5.3@5.3.28+dfsg1-0.5
  Image layer: Introduced by your base image (openjdk:8-jre-slim)

✗ Low severity vulnerability found in coreutils
  Description: Improper Input Validation
  Info: https://snyk.io/vuln/SNYK-DEBIAN10-COREUTILS-317465
  Introduced through: coreutils@8.30-3
  From: coreutils@8.30-3
  Image layer: Introduced by your base image (openjdk:8-jre-slim)

✗ Low severity vulnerability found in coreutils
  Description: Race Condition
  Info: https://snyk.io/vuln/SNYK-DEBIAN10-COREUTILS-317494
  Introduced through: coreutils@8.30-3
  From: coreutils@8.30-3
  Image layer: Introduced by your base image (openjdk:8-jre-slim)

✗ Low severity vulnerability found in bash
  Description: Improper Check for Dropped Privileges
  Info: https://snyk.io/vuln/SNYK-DEBIAN10-BASH-536280
  Introduced through: bash@5.0-4
  From: bash@5.0-4
  Image layer: Introduced by your base image (openjdk:8-jre-slim)

✗ Low severity vulnerability found in apt/libapt-pkg5.0
  Description: Improper Verification of Cryptographic Signature
  Info: https://snyk.io/vuln/SNYK-DEBIAN10-APT-407502
  Introduced through: apt/libapt-pkg5.0@1.8.2.1, apt@1.8.2.1
  From: apt/libapt-pkg5.0@1.8.2.1
  From: apt@1.8.2.1 > apt/libapt-pkg5.0@1.8.2.1
  From: apt@1.8.2.1
  Image layer: Introduced by your base image (openjdk:8-jre-slim)

✗ Medium severity vulnerability found in systemd/libsystemd0
  Description: Allocation of Resources Without Limits or Throttling
  Info: https://snyk.io/vuln/SNYK-DEBIAN10-SYSTEMD-1320245
  Introduced through: systemd/libsystemd0@241-7~deb10u4, util-linux/bsdutils@1:2.33.1-0.1, apt@1.8.2.1, util-linux/mount@2.33.1-0.1, systemd/libudev1@241-7~deb10u4
  From: systemd/libsystemd0@241-7~deb10u4
  From: util-linux/bsdutils@1:2.33.1-0.1 > systemd/libsystemd0@241-7~deb10u4
  From: apt@1.8.2.1 > apt/libapt-pkg5.0@1.8.2.1 > systemd/libsystemd0@241-7~deb10u4
  and 4 more...
  Image layer: Introduced by your base image (openjdk:8-jre-slim)
  Fixed in: 241-7~deb10u8

✗ Medium severity vulnerability found in p11-kit/libp11-kit0
  Description: Out-of-bounds Read
  Info: https://snyk.io/vuln/SNYK-DEBIAN10-P11KIT-1050832
  Introduced through: p11-kit@0.23.15-2, apt@1.8.2.1
  From: p11-kit@0.23.15-2 > p11-kit/libp11-kit0@0.23.15-2
  From: apt@1.8.2.1 > gnutls28/libgnutls30@3.6.7-4+deb10u5 > p11-kit/libp11-kit0@0.23.15-2
  From: p11-kit@0.23.15-2 > p11-kit/p11-kit-modules@0.23.15-2 > p11-kit/libp11-kit0@0.23.15-2
  and 2 more...
  Image layer: Introduced by your base image (openjdk:8-jre-slim)
  Fixed in: 0.23.15-2+deb10u1

✗ Medium severity vulnerability found in openssl/libssl1.1
  Description: NULL Pointer Dereference
  Info: https://snyk.io/vuln/SNYK-DEBIAN10-OPENSSL-1049098
  Introduced through: ca-certificates@20200601~deb10u1
  From: ca-certificates@20200601~deb10u1 > openssl@1.1.1d-0+deb10u3 > openssl/libssl1.1@1.1.1d-0+deb10u3
  From: ca-certificates@20200601~deb10u1 > openssl@1.1.1d-0+deb10u3
  Image layer: Introduced by your base image (openjdk:8-jre-slim)
  Fixed in: 1.1.1d-0+deb10u4

✗ Medium severity vulnerability found in openssl/libssl1.1
  Description: NULL Pointer Dereference
  Info: https://snyk.io/vuln/SNYK-DEBIAN10-OPENSSL-1075330
  Introduced through: ca-certificates@20200601~deb10u1
  From: ca-certificates@20200601~deb10u1 > openssl@1.1.1d-0+deb10u3 > openssl/libssl1.1@1.1.1d-0+deb10u3
  From: ca-certificates@20200601~deb10u1 > openssl@1.1.1d-0+deb10u3
  Image layer: Introduced by your base image (openjdk:8-jre-slim)
  Fixed in: 1.1.1d-0+deb10u5

✗ Medium severity vulnerability found in openssl/libssl1.1
  Description: NULL Pointer Dereference
  Info: https://snyk.io/vuln/SNYK-DEBIAN10-OPENSSL-1089177
  Introduced through: ca-certificates@20200601~deb10u1
  From: ca-certificates@20200601~deb10u1 > openssl@1.1.1d-0+deb10u3 > openssl/libssl1.1@1.1.1d-0+deb10u3
  From: ca-certificates@20200601~deb10u1 > openssl@1.1.1d-0+deb10u3
  Image layer: Introduced by your base image (openjdk:8-jre-slim)
  Fixed in: 1.1.1d-0+deb10u6

✗ Medium severity vulnerability found in openssl/libssl1.1
  Description: CVE-2021-4160
  Info: https://snyk.io/vuln/SNYK-DEBIAN10-OPENSSL-2388381
  Introduced through: ca-certificates@20200601~deb10u1
  From: ca-certificates@20200601~deb10u1 > openssl@1.1.1d-0+deb10u3 > openssl/libssl1.1@1.1.1d-0+deb10u3
  From: ca-certificates@20200601~deb10u1 > openssl@1.1.1d-0+deb10u3
  Image layer: Introduced by your base image (openjdk:8-jre-slim)
  Fixed in: 1.1.1d-0+deb10u8

✗ Medium severity vulnerability found in openssl/libssl1.1
  Description: Integer Overflow or Wraparound
  Info: https://snyk.io/vuln/SNYK-DEBIAN10-OPENSSL-536856
  Introduced through: ca-certificates@20200601~deb10u1
  From: ca-certificates@20200601~deb10u1 > openssl@1.1.1d-0+deb10u3 > openssl/libssl1.1@1.1.1d-0+deb10u3
  From: ca-certificates@20200601~deb10u1 > openssl@1.1.1d-0+deb10u3
  Image layer: Introduced by your base image (openjdk:8-jre-slim)
  Fixed in: 1.1.1d-0+deb10u5

✗ Medium severity vulnerability found in libzstd/libzstd1
  Description: Incorrect Default Permissions
  Info: https://snyk.io/vuln/SNYK-DEBIAN10-LIBZSTD-1080893
  Introduced through: libzstd/libzstd1@1.3.8+dfsg-3, apt@1.8.2.1
  From: libzstd/libzstd1@1.3.8+dfsg-3
  From: apt@1.8.2.1 > apt/libapt-pkg5.0@1.8.2.1 > libzstd/libzstd1@1.3.8+dfsg-3
  Image layer: Introduced by your base image (openjdk:8-jre-slim)
  Fixed in: 1.3.8+dfsg-3+deb10u1

✗ Medium severity vulnerability found in libzstd/libzstd1
  Description: Incorrect Default Permissions
  Info: https://snyk.io/vuln/SNYK-DEBIAN10-LIBZSTD-1080899
  Introduced through: libzstd/libzstd1@1.3.8+dfsg-3, apt@1.8.2.1
  From: libzstd/libzstd1@1.3.8+dfsg-3
  From: apt@1.8.2.1 > apt/libapt-pkg5.0@1.8.2.1 > libzstd/libzstd1@1.3.8+dfsg-3
  Image layer: Introduced by your base image (openjdk:8-jre-slim)
  Fixed in: 1.3.8+dfsg-3+deb10u2

✗ Medium severity vulnerability found in libgcrypt20
  Description: Use of a Broken or Risky Cryptographic Algorithm
  Info: https://snyk.io/vuln/SNYK-DEBIAN10-LIBGCRYPT20-1582894
  Introduced through: libgcrypt20@1.8.4-5, apt@1.8.2.1
  From: libgcrypt20@1.8.4-5
  From: apt@1.8.2.1 > gnupg2/gpgv@2.2.12-1+deb10u1 > libgcrypt20@1.8.4-5
  From: apt@1.8.2.1 > apt/libapt-pkg5.0@1.8.2.1 > systemd/libsystemd0@241-7~deb10u4 > libgcrypt20@1.8.4-5
  Image layer: Introduced by your base image (openjdk:8-jre-slim)
  Fixed in: 1.8.4-5+deb10u1

✗ Medium severity vulnerability found in apt/libapt-pkg5.0
  Description: Integer Overflow or Wraparound
  Info: https://snyk.io/vuln/SNYK-DEBIAN10-APT-1049974
  Introduced through: apt/libapt-pkg5.0@1.8.2.1, apt@1.8.2.1
  From: apt/libapt-pkg5.0@1.8.2.1
  From: apt@1.8.2.1 > apt/libapt-pkg5.0@1.8.2.1
  From: apt@1.8.2.1
  Image layer: Introduced by your base image (openjdk:8-jre-slim)
  Fixed in: 1.8.2.2

✗ High severity vulnerability found in zlib/zlib1g
  Description: Out-of-bounds Write
  Info: https://snyk.io/vuln/SNYK-DEBIAN10-ZLIB-2433934
  Introduced through: meta-common-packages@meta
  From: meta-common-packages@meta > zlib/zlib1g@1:1.2.11.dfsg-1
  Image layer: Introduced by your base image (openjdk:8-jre-slim)
  Fixed in: 1:1.2.11.dfsg-1+deb10u1

✗ High severity vulnerability found in p11-kit/libp11-kit0
  Description: Out-of-bounds Write
  Info: https://snyk.io/vuln/SNYK-DEBIAN10-P11KIT-1050833
  Introduced through: p11-kit@0.23.15-2, apt@1.8.2.1
  From: p11-kit@0.23.15-2 > p11-kit/libp11-kit0@0.23.15-2
  From: apt@1.8.2.1 > gnutls28/libgnutls30@3.6.7-4+deb10u5 > p11-kit/libp11-kit0@0.23.15-2
  From: p11-kit@0.23.15-2 > p11-kit/p11-kit-modules@0.23.15-2 > p11-kit/libp11-kit0@0.23.15-2
  and 2 more...
  Image layer: Introduced by your base image (openjdk:8-jre-slim)
  Fixed in: 0.23.15-2+deb10u1

✗ High severity vulnerability found in p11-kit/libp11-kit0
  Description: Integer Overflow or Wraparound
  Info: https://snyk.io/vuln/SNYK-DEBIAN10-P11KIT-1050836
  Introduced through: p11-kit@0.23.15-2, apt@1.8.2.1
  From: p11-kit@0.23.15-2 > p11-kit/libp11-kit0@0.23.15-2
  From: apt@1.8.2.1 > gnutls28/libgnutls30@3.6.7-4+deb10u5 > p11-kit/libp11-kit0@0.23.15-2
  From: p11-kit@0.23.15-2 > p11-kit/p11-kit-modules@0.23.15-2 > p11-kit/libp11-kit0@0.23.15-2
  and 2 more...
  Image layer: Introduced by your base image (openjdk:8-jre-slim)
  Fixed in: 0.23.15-2+deb10u1

✗ High severity vulnerability found in openssl/libssl1.1
  Description: Integer Overflow or Wraparound
  Info: https://snyk.io/vuln/SNYK-DEBIAN10-OPENSSL-1075326
  Introduced through: ca-certificates@20200601~deb10u1
  From: ca-certificates@20200601~deb10u1 > openssl@1.1.1d-0+deb10u3 > openssl/libssl1.1@1.1.1d-0+deb10u3
  From: ca-certificates@20200601~deb10u1 > openssl@1.1.1d-0+deb10u3
  Image layer: Introduced by your base image (openjdk:8-jre-slim)
  Fixed in: 1.1.1d-0+deb10u5

✗ High severity vulnerability found in openssl/libssl1.1
  Description: Out-of-bounds Read
  Info: https://snyk.io/vuln/SNYK-DEBIAN10-OPENSSL-1569406
  Introduced through: ca-certificates@20200601~deb10u1
  From: ca-certificates@20200601~deb10u1 > openssl@1.1.1d-0+deb10u3 > openssl/libssl1.1@1.1.1d-0+deb10u3
  From: ca-certificates@20200601~deb10u1 > openssl@1.1.1d-0+deb10u3
  Image layer: Introduced by your base image (openjdk:8-jre-slim)
  Fixed in: 1.1.1d-0+deb10u7

✗ High severity vulnerability found in openssl/libssl1.1
  Description: Loop with Unreachable Exit Condition ('Infinite Loop')
  Info: https://snyk.io/vuln/SNYK-DEBIAN10-OPENSSL-2426310
  Introduced through: ca-certificates@20200601~deb10u1
  From: ca-certificates@20200601~deb10u1 > openssl@1.1.1d-0+deb10u3 > openssl/libssl1.1@1.1.1d-0+deb10u3
  From: ca-certificates@20200601~deb10u1 > openssl@1.1.1d-0+deb10u3
  Image layer: Introduced by your base image (openjdk:8-jre-slim)
  Fixed in: 1.1.1d-0+deb10u8

✗ High severity vulnerability found in nettle/libnettle6
  Description: Out-of-bounds Write
  Info: https://snyk.io/vuln/SNYK-DEBIAN10-NETTLE-1090205
  Introduced through: nettle/libnettle6@3.4.1-1, apt@1.8.2.1, nettle/libhogweed4@3.4.1-1
  From: nettle/libnettle6@3.4.1-1
  From: apt@1.8.2.1 > gnutls28/libgnutls30@3.6.7-4+deb10u5 > nettle/libnettle6@3.4.1-1
  From: apt@1.8.2.1 > gnutls28/libgnutls30@3.6.7-4+deb10u5 > nettle/libhogweed4@3.4.1-1 > nettle/libnettle6@3.4.1-1
  and 2 more...
  Image layer: Introduced by your base image (openjdk:8-jre-slim)
  Fixed in: 3.4.1-1+deb10u1

✗ High severity vulnerability found in nettle/libnettle6
  Description: Improper Input Validation
  Info: https://snyk.io/vuln/SNYK-DEBIAN10-NETTLE-1301269
  Introduced through: nettle/libnettle6@3.4.1-1, apt@1.8.2.1, nettle/libhogweed4@3.4.1-1
  From: nettle/libnettle6@3.4.1-1
  From: apt@1.8.2.1 > gnutls28/libgnutls30@3.6.7-4+deb10u5 > nettle/libnettle6@3.4.1-1
  From: apt@1.8.2.1 > gnutls28/libgnutls30@3.6.7-4+deb10u5 > nettle/libhogweed4@3.4.1-1 > nettle/libnettle6@3.4.1-1
  and 2 more...
  Image layer: Introduced by your base image (openjdk:8-jre-slim)
  Fixed in: 3.4.1-1+deb10u1

✗ High severity vulnerability found in gnutls28/libgnutls30
  Description: Out-of-bounds Write
  Info: https://snyk.io/vuln/SNYK-DEBIAN10-GNUTLS28-609778
  Introduced through: gnutls28/libgnutls30@3.6.7-4+deb10u5, apt@1.8.2.1
  From: gnutls28/libgnutls30@3.6.7-4+deb10u5
  From: apt@1.8.2.1 > gnutls28/libgnutls30@3.6.7-4+deb10u5
  Image layer: Introduced by your base image (openjdk:8-jre-slim)
  Fixed in: 3.6.7-4+deb10u7

✗ High severity vulnerability found in gmp/libgmp10
  Description: Integer Overflow or Wraparound
  Info: https://snyk.io/vuln/SNYK-DEBIAN10-GMP-1920939
  Introduced through: gmp/libgmp10@2:6.1.2+dfsg-4, apt@1.8.2.1
  From: gmp/libgmp10@2:6.1.2+dfsg-4
  From: apt@1.8.2.1 > gnutls28/libgnutls30@3.6.7-4+deb10u5 > gmp/libgmp10@2:6.1.2+dfsg-4
  From: apt@1.8.2.1 > gnutls28/libgnutls30@3.6.7-4+deb10u5 > nettle/libhogweed4@3.4.1-1 > gmp/libgmp10@2:6.1.2+dfsg-4
  Image layer: Introduced by your base image (openjdk:8-jre-slim)
  Fixed in: 2:6.1.2+dfsg-4+deb10u1

✗ High severity vulnerability found in gcc-8/libstdc++6
  Description: Information Exposure
  Info: https://snyk.io/vuln/SNYK-DEBIAN10-GCC8-347558
  Introduced through: gcc-8/libstdc++6@8.3.0-6, apt@1.8.2.1, meta-common-packages@meta
  From: gcc-8/libstdc++6@8.3.0-6
  From: apt@1.8.2.1 > gcc-8/libstdc++6@8.3.0-6
  From: apt@1.8.2.1 > apt/libapt-pkg5.0@1.8.2.1 > gcc-8/libstdc++6@8.3.0-6
  and 2 more...
  Image layer: Introduced by your base image (openjdk:8-jre-slim)

✗ Critical severity vulnerability found in openssl/libssl1.1
  Description: Buffer Overflow
  Info: https://snyk.io/vuln/SNYK-DEBIAN10-OPENSSL-1569403
  Introduced through: ca-certificates@20200601~deb10u1
  From: ca-certificates@20200601~deb10u1 > openssl@1.1.1d-0+deb10u3 > openssl/libssl1.1@1.1.1d-0+deb10u3
  From: ca-certificates@20200601~deb10u1 > openssl@1.1.1d-0+deb10u3
  Image layer: Introduced by your base image (openjdk:8-jre-slim)
  Fixed in: 1.1.1d-0+deb10u7

✗ Critical severity vulnerability found in openssl/libssl1.1
  Description: OS Command Injection
  Info: https://snyk.io/vuln/SNYK-DEBIAN10-OPENSSL-2807585
  Introduced through: ca-certificates@20200601~deb10u1
  From: ca-certificates@20200601~deb10u1 > openssl@1.1.1d-0+deb10u3 > openssl/libssl1.1@1.1.1d-0+deb10u3
  From: ca-certificates@20200601~deb10u1 > openssl@1.1.1d-0+deb10u3
  Image layer: Introduced by your base image (openjdk:8-jre-slim)
  Fixed in: 1.1.1n-0+deb10u2

✗ Critical severity vulnerability found in lz4/liblz4-1
  Description: Out-of-bounds Write
  Info: https://snyk.io/vuln/SNYK-DEBIAN10-LZ4-1277601
  Introduced through: lz4/liblz4-1@1.8.3-1, apt@1.8.2.1
  From: lz4/liblz4-1@1.8.3-1
  From: apt@1.8.2.1 > apt/libapt-pkg5.0@1.8.2.1 > lz4/liblz4-1@1.8.3-1
  From: apt@1.8.2.1 > apt/libapt-pkg5.0@1.8.2.1 > systemd/libsystemd0@241-7~deb10u4 > lz4/liblz4-1@1.8.3-1
  Image layer: Introduced by your base image (openjdk:8-jre-slim)
  Fixed in: 1.8.3-1+deb10u1

✗ Critical severity vulnerability found in gnutls28/libgnutls30
  Description: Use After Free
  Info: https://snyk.io/vuln/SNYK-DEBIAN10-GNUTLS28-1085094
  Introduced through: gnutls28/libgnutls30@3.6.7-4+deb10u5, apt@1.8.2.1
  From: gnutls28/libgnutls30@3.6.7-4+deb10u5
  From: apt@1.8.2.1 > gnutls28/libgnutls30@3.6.7-4+deb10u5
  Image layer: Introduced by your base image (openjdk:8-jre-slim)
  Fixed in: 3.6.7-4+deb10u7

✗ Critical severity vulnerability found in gnutls28/libgnutls30
  Description: Use After Free
  Info: https://snyk.io/vuln/SNYK-DEBIAN10-GNUTLS28-1085097
  Introduced through: gnutls28/libgnutls30@3.6.7-4+deb10u5, apt@1.8.2.1
  From: gnutls28/libgnutls30@3.6.7-4+deb10u5
  From: apt@1.8.2.1 > gnutls28/libgnutls30@3.6.7-4+deb10u5
  Image layer: Introduced by your base image (openjdk:8-jre-slim)
  Fixed in: 3.6.7-4+deb10u7



Organization:      lian.duan.training
Package manager:   deb
Target file:       /app/Dockerfile
Project name:      docker-image|lianduantraining/springbootdemo
Docker image:      lianduantraining/springbootdemo:v8
Platform:          linux/amd64
Base image:        openjdk:8-jre-slim
Licenses:          enabled

Tested 91 dependencies for known issues, found 100 issues.

Your base image is out of date
1) Pull the latest version of your base image by running 'docker pull openjdk:8-jre-slim'
2) Rebuild your local image

-------------------------------------------------------

Testing lianduantraining/springbootdemo:v8...

Tested 64 dependencies for known issues, found 13 issues.


Issues to fix by upgrading:

  Upgrade ch.qos.logback:logback-core@1.2.3 to ch.qos.logback:logback-core@1.2.7 to fix
  ✗ Insufficient Hostname Verification [Medium Severity][https://snyk.io/vuln/SNYK-JAVA-CHQOSLOGBACK-1726923] in ch.qos.logback:logback-core@1.2.3
    introduced by ch.qos.logback:logback-core@1.2.3

  Upgrade com.fasterxml.jackson.core:jackson-databind@2.11.2 to com.fasterxml.jackson.core:jackson-databind@2.12.6.1 to fix
  ✗ Denial of Service (DoS) [Medium Severity][https://snyk.io/vuln/SNYK-JAVA-COMFASTERXMLJACKSONCORE-2326698] in com.fasterxml.jackson.core:jackson-databind@2.11.2
    introduced by com.fasterxml.jackson.core:jackson-databind@2.11.2
  ✗ Denial of Service (DoS) [High Severity][https://snyk.io/vuln/SNYK-JAVA-COMFASTERXMLJACKSONCORE-2421244] in com.fasterxml.jackson.core:jackson-databind@2.11.2
    introduced by com.fasterxml.jackson.core:jackson-databind@2.11.2

  Upgrade io.netty:netty-codec@4.1.51.Final to io.netty:netty-codec@4.1.68.Final to fix
  ✗ Denial of Service (DoS) [High Severity][https://snyk.io/vuln/SNYK-JAVA-IONETTY-1584063] in io.netty:netty-codec@4.1.51.Final
    introduced by io.netty:netty-codec@4.1.51.Final
  ✗ Denial of Service (DoS) [High Severity][https://snyk.io/vuln/SNYK-JAVA-IONETTY-1584064] in io.netty:netty-codec@4.1.51.Final
    introduced by io.netty:netty-codec@4.1.51.Final

  Upgrade io.netty:netty-common@4.1.51.Final to io.netty:netty-common@4.1.77.Final to fix
  ✗ Information Exposure (new) [Medium Severity][https://snyk.io/vuln/SNYK-JAVA-IONETTY-2812456] in io.netty:netty-common@4.1.51.Final
    introduced by io.netty:netty-common@4.1.51.Final
  ✗ Information Disclosure [Medium Severity][https://snyk.io/vuln/SNYK-JAVA-IONETTY-1082234] in io.netty:netty-common@4.1.51.Final
    introduced by io.netty:netty-common@4.1.51.Final

  Upgrade io.netty:netty-handler@4.1.51.Final to io.netty:netty-handler@4.1.59.Final to fix
  ✗ Information Disclosure [Medium Severity][https://snyk.io/vuln/SNYK-JAVA-IONETTY-1082235] in io.netty:netty-handler@4.1.51.Final
    introduced by io.netty:netty-handler@4.1.51.Final

  Upgrade io.netty:netty-transport@4.1.51.Final to io.netty:netty-transport@4.1.59.Final to fix
  ✗ Information Disclosure [Medium Severity][https://snyk.io/vuln/SNYK-JAVA-IONETTY-1082236] in io.netty:netty-transport@4.1.51.Final
    introduced by io.netty:netty-transport@4.1.51.Final

  Upgrade org.glassfish.jersey.core:jersey-common@2.30.1 to org.glassfish.jersey.core:jersey-common@2.34 to fix
  ✗ Information Disclosure [Medium Severity][https://snyk.io/vuln/SNYK-JAVA-ORGGLASSFISHJERSEYCORE-1255637] in org.glassfish.jersey.core:jersey-common@2.30.1
    introduced by org.glassfish.jersey.core:jersey-common@2.30.1

  Upgrade org.glassfish.jersey.media:jersey-media-jaxb@2.30.1 to org.glassfish.jersey.media:jersey-media-jaxb@2.31 to fix
  ✗ XML Entity Expansion [High Severity][https://snyk.io/vuln/SNYK-JAVA-ORGGLASSFISHJERSEYMEDIA-595972] in org.glassfish.jersey.media:jersey-media-jaxb@2.30.1
    introduced by org.glassfish.jersey.media:jersey-media-jaxb@2.30.1

  Upgrade org.glassfish:jakarta.el@3.0.3 to org.glassfish:jakarta.el@3.0.4 to fix
  ✗ Improper Input Validation [High Severity][https://snyk.io/vuln/SNYK-JAVA-ORGGLASSFISH-1297098] in org.glassfish:jakarta.el@3.0.3
    introduced by org.glassfish:jakarta.el@3.0.3


Issues with no direct upgrade or patch:
  ✗ Improper Certificate Validation [Medium Severity][https://snyk.io/vuln/SNYK-JAVA-IONETTY-1042268] in io.netty:netty-handler@4.1.51.Final
    introduced by io.netty:netty-handler@4.1.51.Final
  No upgrade or patch available



Organization:      lian.duan.training
Package manager:   maven
Target file:       /myMicroservice
Project name:      lianduantraining/springbootdemo:v8:/myMicroservice
Docker image:      lianduantraining/springbootdemo:v8
Licenses:          enabled

-------------------------------------------------------

Testing lianduantraining/springbootdemo:v8...

Organization:      lian.duan.training
Package manager:   maven
Target file:       /usr/local/openjdk-8/lib
Project name:      lianduantraining/springbootdemo:v8:/usr/local/openjdk-8/lib
Docker image:      lianduantraining/springbootdemo:v8
Licenses:          enabled

✔ Tested lianduantraining/springbootdemo:v8 for known issues, no vulnerable paths found.

-------------------------------------------------------

Testing lianduantraining/springbootdemo:v8...

Organization:      lian.duan.training
Package manager:   maven
Target file:       /usr/local/openjdk-8/lib/ext
Project name:      lianduantraining/springbootdemo:v8:/usr/local/openjdk-8/lib/ext
Docker image:      lianduantraining/springbootdemo:v8
Licenses:          enabled

✔ Tested lianduantraining/springbootdemo:v8 for known issues, no vulnerable paths found.

-------------------------------------------------------

Testing lianduantraining/springbootdemo:v8...

Organization:      lian.duan.training
Package manager:   maven
Target file:       /usr/local/openjdk-8/lib/security/policy/limited
Project name:      lianduantraining/springbootdemo:v8:/usr/local/openjdk-8/lib/security/policy/limited
Docker image:      lianduantraining/springbootdemo:v8
Licenses:          enabled

✔ Tested lianduantraining/springbootdemo:v8 for known issues, no vulnerable paths found.

-------------------------------------------------------

Testing lianduantraining/springbootdemo:v8...

Organization:      lian.duan.training
Package manager:   maven
Target file:       /usr/local/openjdk-8/lib/security/policy/unlimited
Project name:      lianduantraining/springbootdemo:v8:/usr/local/openjdk-8/lib/security/policy/unlimited
Docker image:      lianduantraining/springbootdemo:v8
Licenses:          enabled

✔ Tested lianduantraining/springbootdemo:v8 for known issues, no vulnerable paths found.


Tested 6 projects, 2 contained vulnerable paths.



